<?xml version="1.0" encoding="UTF-8"?>
<!-- Generated by org.testng.reporters.JUnitXMLReporter -->
<testsuite ignored="0" hostname="LAPTOP-E4HH55MS" failures="0" tests="3" name="Test1" time="22.214" errors="0" timestamp="2022-11-01T15:47:07 PDT">
  <testcase classname="testng.Paralleltest1" name="homePageTitle" time="12.519"/>
  <testcase classname="testng.ParallelTest2" name="LoginTest" time="17.22"/>
  <testcase classname="testng.Paralleltest1" name="logoTest" time="9.478"/>
</testsuite> <!-- Test1 -->
