<?xml version="1.0" encoding="UTF-8"?>
<testng-results ignored="0" total="3" passed="3" failed="0" skipped="0">
  <reporter-output>
  </reporter-output>
  <suite started-at="2022-11-01T15:46:44 PDT" name="Suite" finished-at="2022-11-01T15:47:07 PDT" duration-ms="22214">
    <groups>
    </groups>
    <test started-at="2022-11-01T15:46:44 PDT" name="Test1" finished-at="2022-11-01T15:47:07 PDT" duration-ms="22214">
      <class name="testng.Paralleltest1">
        <test-method signature="homePageTitle()[pri:0, instance:testng.Paralleltest1@223191a6]" started-at="2022-11-01T15:46:44 PDT" name="homePageTitle" finished-at="2022-11-01T15:46:57 PDT" duration-ms="12519" status="PASS">
          <reporter-output>
          </reporter-output>
        </test-method> <!-- homePageTitle -->
        <test-method signature="logoTest()[pri:0, instance:testng.Paralleltest1@223191a6]" started-at="2022-11-01T15:46:57 PDT" name="logoTest" finished-at="2022-11-01T15:47:07 PDT" duration-ms="9478" status="PASS">
          <reporter-output>
          </reporter-output>
        </test-method> <!-- logoTest -->
        <test-method is-config="true" signature="tearDown()[pri:0, instance:testng.Paralleltest1@223191a6]" started-at="2022-11-01T15:47:07 PDT" name="tearDown" finished-at="2022-11-01T15:47:07 PDT" duration-ms="166" status="PASS">
          <reporter-output>
          </reporter-output>
        </test-method> <!-- tearDown -->
      </class> <!-- testng.Paralleltest1 -->
      <class name="testng.ParallelTest2">
        <test-method signature="LoginTest()[pri:0, instance:testng.ParallelTest2@5b8dfcc1]" started-at="2022-11-01T15:46:44 PDT" name="LoginTest" finished-at="2022-11-01T15:47:02 PDT" duration-ms="17220" status="PASS">
          <reporter-output>
          </reporter-output>
        </test-method> <!-- LoginTest -->
      </class> <!-- testng.ParallelTest2 -->
    </test> <!-- Test1 -->
  </suite> <!-- Suite -->
</testng-results>
